C:\Program Files (x86)\Microsoft Visual Studio\2019\Community\MSBuild\Microsoft\VC\v160\Microsoft.CppBuild.targets(513,5): warning MSB8028: El directorio intermedio (Release\) contiene archivos compartidos de otro proyecto (strings.vcxproj). Esto puede dar lugar a un comportamiento incorrecto de limpieza y recompilación.
  stdafx.cpp
  basics.cpp
  module.cpp
  print_buffer.cpp
  process_strings.cpp
C:\Users\luamp\Downloads\xxstrings\strings\string_hashes.h(10,22): warning C4996: 'std::tr1': warning STL4002: The non-Standard std::tr1 namespace and TR1-only machinery are deprecated and will be REMOVED. You can define _SILENCE_TR1_NAMESPACE_DEPRECATION_WARNING to acknowledge that you have received this warning.
C:\Users\luamp\Downloads\xxstrings\strings\process_strings.cpp(32,3): warning C4996: 'wcstombs': This function or variable may be unsafe. Consider using wcstombs_s instead. To disable deprecation, use _CRT_SECURE_NO_WARNINGS. See online help for details.
C:\Users\luamp\Downloads\xxstrings\strings\process_strings.cpp(106,24): warning C4477: 'fprintf' : la cadena de formato '%016llX' requiere un argumento de tipo 'unsigned __int64', pero el argumento variádico 1 tiene el tipo 'PVOID'
C:\Users\luamp\Downloads\xxstrings\strings\process_strings.cpp(106,24): warning C4313: 'fprintf': '%X' de la cadena de formato origina conflictos con el argumento 1 del tipo 'PVOID'
C:\Users\luamp\Downloads\xxstrings\strings\process_strings.cpp(106,24): warning C4477: 'fprintf' : la cadena de formato '%i' requiere un argumento de tipo 'int', pero el argumento variádico 3 tiene el tipo '__int64'
C:\Users\luamp\Downloads\xxstrings\strings\process_strings.cpp(106,24): message : considere el uso de ' %lli' en la cadena de formato
C:\Users\luamp\Downloads\xxstrings\strings\process_strings.cpp(106,24): message : considere el uso de ' %I64i' en la cadena de formato
C:\Users\luamp\Downloads\xxstrings\strings\process_strings.cpp(109,35): warning C4244: 'argumento': conversión de '__int64' a 'unsigned int'; posible pérdida de datos
C:\Users\luamp\Downloads\xxstrings\strings\process_strings.cpp(112,23): warning C4477: 'fprintf' : la cadena de formato '%016llX' requiere un argumento de tipo 'unsigned __int64', pero el argumento variádico 1 tiene el tipo 'PVOID'
C:\Users\luamp\Downloads\xxstrings\strings\process_strings.cpp(112,23): warning C4313: 'fprintf': '%X' de la cadena de formato origina conflictos con el argumento 1 del tipo 'PVOID'
C:\Users\luamp\Downloads\xxstrings\strings\process_strings.cpp(156,24): warning C4477: 'fprintf' : la cadena de formato '%016llX' requiere un argumento de tipo 'unsigned __int64', pero el argumento variádico 1 tiene el tipo 'PVOID'
C:\Users\luamp\Downloads\xxstrings\strings\process_strings.cpp(156,24): warning C4313: 'fprintf': '%X' de la cadena de formato origina conflictos con el argumento 1 del tipo 'PVOID'
C:\Users\luamp\Downloads\xxstrings\strings\process_strings.cpp(156,24): warning C4477: 'fprintf' : la cadena de formato '%i' requiere un argumento de tipo 'int', pero el argumento variádico 3 tiene el tipo '__int64'
C:\Users\luamp\Downloads\xxstrings\strings\process_strings.cpp(156,24): message : considere el uso de ' %lli' en la cadena de formato
C:\Users\luamp\Downloads\xxstrings\strings\process_strings.cpp(156,24): message : considere el uso de ' %I64i' en la cadena de formato
C:\Users\luamp\Downloads\xxstrings\strings\process_strings.cpp(159,35): warning C4244: 'argumento': conversión de '__int64' a 'unsigned int'; posible pérdida de datos
C:\Users\luamp\Downloads\xxstrings\strings\process_strings.cpp(162,23): warning C4477: 'fprintf' : la cadena de formato '%016llX' requiere un argumento de tipo 'unsigned __int64', pero el argumento variádico 1 tiene el tipo 'PVOID'
C:\Users\luamp\Downloads\xxstrings\strings\process_strings.cpp(162,23): warning C4313: 'fprintf': '%X' de la cadena de formato origina conflictos con el argumento 1 del tipo 'PVOID'
C:\Users\luamp\Downloads\xxstrings\strings\process_strings.cpp(106,136): warning C4996: 'strerror': This function or variable may be unsafe. Consider using strerror_s instead. To disable deprecation, use _CRT_SECURE_NO_WARNINGS. See online help for details.
C:\Users\luamp\Downloads\xxstrings\strings\process_strings.cpp(156,136): warning C4996: 'strerror': This function or variable may be unsafe. Consider using strerror_s instead. To disable deprecation, use _CRT_SECURE_NO_WARNINGS. See online help for details.
  xxstrings.cpp
C:\Users\luamp\Downloads\xxstrings\strings\string_hashes.h(10,22): warning C4996: 'std::tr1': warning STL4002: The non-Standard std::tr1 namespace and TR1-only machinery are deprecated and will be REMOVED. You can define _SILENCE_TR1_NAMESPACE_DEPRECATION_WARNING to acknowledge that you have received this warning.
C:\Users\luamp\Downloads\xxstrings\strings\xxstrings.cpp(74,22): warning C4018: '<': no coinciden signed/unsigned
C:\Users\luamp\Downloads\xxstrings\strings\xxstrings.cpp(279,65): warning C4474: "fwprintf": se pasaron demasiados argumentos para la cadena de formato
C:\Users\luamp\Downloads\xxstrings\strings\xxstrings.cpp(279,65): message : los marcadores de posición y sus parámetros esperan 0 argumentos variádicos, pero se proporcionaron 1
C:\Users\luamp\Downloads\xxstrings\strings\xxstrings.cpp(266,20): warning C4996: 'swscanf': This function or variable may be unsafe. Consider using swscanf_s instead. To disable deprecation, use _CRT_SECURE_NO_WARNINGS. See online help for details.
C:\Users\luamp\Downloads\xxstrings\strings\xxstrings.cpp(267,18): warning C4996: 'swscanf': This function or variable may be unsafe. Consider using swscanf_s instead. To disable deprecation, use _CRT_SECURE_NO_WARNINGS. See online help for details.
  string_parser.cpp
C:\Users\luamp\Downloads\xxstrings\strings\string_hashes.h(10,22): warning C4996: 'std::tr1': warning STL4002: The non-Standard std::tr1 namespace and TR1-only machinery are deprecated and will be REMOVED. You can define _SILENCE_TR1_NAMESPACE_DEPRECATION_WARNING to acknowledge that you have received this warning.
C:\Users\luamp\Downloads\xxstrings\strings\string_parser.cpp(382,43): warning C4996: 'strerror': This function or variable may be unsafe. Consider using strerror_s instead. To disable deprecation, use _CRT_SECURE_NO_WARNINGS. See online help for details.
  Generando código
C:\Users\luamp\Downloads\xxstrings\strings\process_strings.cpp(57): warning C4715: 'process_strings::dump_process': no todas las rutas de acceso de control devuelven un valor
  35 of 105 functions (33.3%) were compiled, the rest were copied from previous compilation.
    2 functions were new in current compilation
    1 functions had inline decision re-evaluated but remain unchanged
  Generación de código finalizada
  strings.vcxproj -> C:\Users\luamp\Downloads\xxstrings\Release\xxstrings.exe
